  [1m[35m (9.8ms)[0m  [1m[35mCREATE DATABASE "flixter_development" ENCODING = 'unicode'[0m
  ↳ C:/Ruby25-x64/bin/rake:23
  [1m[35m (2.9ms)[0m  [1m[35mCREATE DATABASE "flixter_test" ENCODING = 'unicode'[0m
  ↳ C:/Ruby25-x64/bin/rake:23
  [1m[35m (448.0ms)[0m  [1m[35mDROP DATABASE IF EXISTS "flixter_development"[0m
  ↳ C:/Ruby25-x64/bin/rake:23
  [1m[35m (457.5ms)[0m  [1m[35mDROP DATABASE IF EXISTS "flixter_test"[0m
  ↳ C:/Ruby25-x64/bin/rake:23
  [1m[35m (2552.3ms)[0m  [1m[35mCREATE DATABASE "flixter_development" ENCODING = 'unicode'[0m
  ↳ C:/Ruby25-x64/bin/rake:23
  [1m[35m (2334.4ms)[0m  [1m[35mCREATE DATABASE "flixter_test" ENCODING = 'unicode'[0m
  ↳ C:/Ruby25-x64/bin/rake:23
  [1m[35m (67.3ms)[0m  [1m[35mCREATE TABLE "schema_migrations" ("version" character varying NOT NULL PRIMARY KEY)[0m
  ↳ C:/Ruby25-x64/bin/rake:23
  [1m[35m (17.9ms)[0m  [1m[35mCREATE TABLE "ar_internal_metadata" ("key" character varying NOT NULL PRIMARY KEY, "value" character varying, "created_at" timestamp NOT NULL, "updated_at" timestamp NOT NULL)[0m
  ↳ C:/Ruby25-x64/bin/rake:23
  [1m[35m (0.7ms)[0m  [1m[34mSELECT pg_try_advisory_lock(7235441782325295840)[0m
  ↳ C:/Ruby25-x64/bin/rake:23
  [1m[35m (3.4ms)[0m  [1m[34mSELECT "schema_migrations"."version" FROM "schema_migrations" ORDER BY "schema_migrations"."version" ASC[0m
  ↳ C:/Ruby25-x64/bin/rake:23
  [1m[36mActiveRecord::InternalMetadata Load (3.3ms)[0m  [1m[34mSELECT  "ar_internal_metadata".* FROM "ar_internal_metadata" WHERE "ar_internal_metadata"."key" = $1 LIMIT $2[0m  [["key", "environment"], ["LIMIT", 1]]
  ↳ C:/Ruby25-x64/bin/rake:23
  [1m[35m (0.6ms)[0m  [1m[35mBEGIN[0m
  ↳ C:/Ruby25-x64/bin/rake:23
  [1m[36mActiveRecord::InternalMetadata Create (8.3ms)[0m  [1m[32mINSERT INTO "ar_internal_metadata" ("key", "value", "created_at", "updated_at") VALUES ($1, $2, $3, $4) RETURNING "key"[0m  [["key", "environment"], ["value", "development"], ["created_at", "2019-12-21 20:38:59.720378"], ["updated_at", "2019-12-21 20:38:59.720378"]]
  ↳ C:/Ruby25-x64/bin/rake:23
  [1m[35m (1.1ms)[0m  [1m[35mCOMMIT[0m
  ↳ C:/Ruby25-x64/bin/rake:23
  [1m[35m (0.8ms)[0m  [1m[34mSELECT pg_advisory_unlock(7235441782325295840)[0m
  ↳ C:/Ruby25-x64/bin/rake:23
  [1m[35m (1.0ms)[0m  [1m[34mSELECT "schema_migrations"."version" FROM "schema_migrations" ORDER BY "schema_migrations"."version" ASC[0m
  ↳ C:/Ruby25-x64/bin/rake:23
Started GET "/" for ::1 at 2019-12-21 12:39:49 -0800
Processing by Rails::WelcomeController#index as HTML
  Rendering C:/Ruby25-x64/lib/ruby/gems/2.5.0/gems/railties-5.2.4.1/lib/rails/templates/rails/welcome/index.html.erb
  Rendered C:/Ruby25-x64/lib/ruby/gems/2.5.0/gems/railties-5.2.4.1/lib/rails/templates/rails/welcome/index.html.erb (17.1ms)
Completed 200 OK in 232ms (Views: 131.0ms | ActiveRecord: 0.0ms)


Started GET "/" for ::1 at 2019-12-23 18:16:01 -0800
Started GET "/" for ::1 at 2019-12-23 18:16:01 -0800
Started GET "/" for ::1 at 2019-12-23 18:18:38 -0800
Processing by Rails::WelcomeController#index as HTML
  Rendering C:/Ruby25-x64/lib/ruby/gems/2.5.0/gems/railties-5.2.4.1/lib/rails/templates/rails/welcome/index.html.erb
  Rendered C:/Ruby25-x64/lib/ruby/gems/2.5.0/gems/railties-5.2.4.1/lib/rails/templates/rails/welcome/index.html.erb (9.4ms)
Completed 200 OK in 143ms (Views: 79.5ms | ActiveRecord: 0.0ms)


Started GET "/" for ::1 at 2019-12-23 18:37:48 -0800
Processing by StaticPagesController#index as HTML
  Rendering static_pages/index.html.erb within layouts/application
  Rendered static_pages/index.html.erb within layouts/application (3.8ms)
Completed 200 OK in 2095ms (Views: 2057.7ms | ActiveRecord: 0.0ms)


Started GET "/" for ::1 at 2019-12-23 18:44:06 -0800
Processing by StaticPagesController#index as HTML
  Rendering static_pages/index.html.erb within layouts/application
  Rendered static_pages/index.html.erb within layouts/application (4.1ms)
Completed 200 OK in 1869ms (Views: 1821.4ms | ActiveRecord: 0.0ms)


Started GET "/" for ::1 at 2019-12-23 18:46:00 -0800
Processing by StaticPagesController#index as HTML
  Rendering static_pages/index.html.erb within layouts/application
  Rendered static_pages/index.html.erb within layouts/application (9.0ms)
Completed 500 Internal Server Error in 2791ms (ActiveRecord: 0.0ms)


  
ActionView::Template::Error (identifier '(function(opts, pluginOpts) {return eval(process' undefined):
     5:     <%= csrf_meta_tags %>
     6:     <%= csp_meta_tag %>
     7: 
     8:     <%= stylesheet_link_tag    'application', media: 'all', 'data-turbolinks-track': 'reload' %>
     9:     <%= javascript_include_tag 'application', 'data-turbolinks-track': 'reload' %>
    10:   </head>
    11: 
  
(execjs):1
app/views/layouts/application.html.erb:8:in `_app_views_layouts_application_html_erb__885919091_54449280'
Started GET "/" for ::1 at 2019-12-23 18:48:27 -0800
Processing by StaticPagesController#index as HTML
  Rendering static_pages/index.html.erb within layouts/application
  Rendered static_pages/index.html.erb within layouts/application (8.6ms)
Completed 500 Internal Server Error in 2182ms (ActiveRecord: 0.0ms)


  
ActionView::Template::Error (identifier '(function(opts, pluginOpts) {return eval(process' undefined):
     5:     <%= csrf_meta_tags %>
     6:     <%= csp_meta_tag %>
     7: 
     8:     <%= stylesheet_link_tag    'application', media: 'all', 'data-turbolinks-track': 'reload' %>
     9:     <%= javascript_include_tag 'application', 'data-turbolinks-track': 'reload' %>
    10:   </head>
    11: 
  
(execjs):1
app/views/layouts/application.html.erb:8:in `_app_views_layouts_application_html_erb__1017260251_55244000'
Started GET "/" for ::1 at 2019-12-23 18:49:50 -0800
Processing by StaticPagesController#index as HTML
  Rendering static_pages/index.html.erb within layouts/application
  Rendered static_pages/index.html.erb within layouts/application (7.7ms)
Completed 200 OK in 1036ms (Views: 931.1ms | ActiveRecord: 0.0ms)


Started GET "/" for ::1 at 2019-12-23 18:51:14 -0800
Processing by StaticPagesController#index as HTML
  Rendering static_pages/index.html.erb within layouts/application
  Rendered static_pages/index.html.erb within layouts/application (4.6ms)
Completed 200 OK in 1647ms (Views: 1596.1ms | ActiveRecord: 0.0ms)


Started GET "/" for ::1 at 2019-12-23 18:52:31 -0800
Processing by StaticPagesController#index as HTML
  Rendering static_pages/index.html.erb within layouts/application
  Rendered static_pages/index.html.erb within layouts/application (4.1ms)
Completed 500 Internal Server Error in 2065ms (ActiveRecord: 0.0ms)


  
ActionView::Template::Error (identifier '(function(opts, pluginOpts) {return eval(process' undefined):
     5:     <%= csrf_meta_tags %>
     6:     <%= csp_meta_tag %>
     7: 
     8:     <%= stylesheet_link_tag    'application', media: 'all', 'data-turbolinks-track': 'reload' %>
     9:     <%= javascript_include_tag 'application', 'data-turbolinks-track': 'reload' %>
    10:   </head>
    11: 
  
(execjs):1
app/views/layouts/application.html.erb:8:in `_app_views_layouts_application_html_erb__374570862_54865840'
Started GET "/" for ::1 at 2019-12-23 18:54:53 -0800
Processing by StaticPagesController#index as HTML
  Rendering static_pages/index.html.erb within layouts/application
  Rendered static_pages/index.html.erb within layouts/application (13.2ms)
Completed 200 OK in 8625ms (Views: 8533.0ms | ActiveRecord: 0.0ms)


Started GET "/" for ::1 at 2019-12-23 18:56:33 -0800
Processing by StaticPagesController#index as HTML
  Rendering static_pages/index.html.erb within layouts/application
  Rendered static_pages/index.html.erb within layouts/application (5.4ms)
Completed 200 OK in 6776ms (Views: 6713.4ms | ActiveRecord: 0.0ms)


